<?xml version="1.0" encoding="UTF-8"?>
<!-- Generated by org.testng.reporters.JUnitReportReporter -->
<testsuite hostname="LAPTOP-PMUF96FM" failures="0" tests="12" name="TestCases.Cart_Page_Test" time="31.918" errors="0" timestamp="2023-12-07T21:02:53 IST" skipped="0">
  <testcase classname="TestCases.Cart_Page_Test" name="verifyCartLinkedInLogoTest" time="2.577"/>
  <system-out>
    <![CDATA[LinkedIn Logo of Cart page = true]]>
  </system-out>
  <testcase classname="TestCases.Cart_Page_Test" name="verifyCart3linesTest" time="2.636"/>
  <system-out>
    <![CDATA[Visibility of Cart Page OpenMenu = true]]>
  </system-out>
  <testcase classname="TestCases.Cart_Page_Test" name="verifyFooterTxtCartPageTest" time="2.510"/>
  <system-out>
    <![CDATA[Footer Text of Cart Page = true]]>
  </system-out>
  <testcase classname="TestCases.Cart_Page_Test" name="verifyCartQualityLableTest" time="3.100"/>
  <system-out>
    <![CDATA[Visibility of Cart Page QTY Lable = QTY]]>
  </system-out>
  <testcase classname="TestCases.Cart_Page_Test" name="verifyCartCheckOutBtnTest" time="2.559"/>
  <system-out>
    <![CDATA[CheckOut Button of Cart Page = Checkout]]>
  </system-out>
  <testcase classname="TestCases.Cart_Page_Test" name="VerifyURLofCartPageTest" time="3.013"/>
  <system-out>
    <![CDATA[URL of Your Cart = https://www.saucedemo.com/cart.html]]>
  </system-out>
  <testcase classname="TestCases.Cart_Page_Test" name="verifyCartDescriptionLableTest" time="2.506"/>
  <system-out>
    <![CDATA[Visibility of Cart Page Description Lable = Description]]>
  </system-out>
  <testcase classname="TestCases.Cart_Page_Test" name="VerifyshoppingCartPageTest" time="2.592"/>
  <system-out>
    <![CDATA[Shopping Cart of Inventory Page :- true]]>
  </system-out>
  <testcase classname="TestCases.Cart_Page_Test" name="verifyContinueShoppingCartBtnTest" time="2.643"/>
  <system-out>
    <![CDATA[Continue Shopping Button of Cart Page = Continue Shopping]]>
  </system-out>
  <testcase classname="TestCases.Cart_Page_Test" name="verifyCartPageTitle" time="2.607"/>
  <system-out>
    <![CDATA[Title of Your Cart = Your Cart]]>
  </system-out>
  <testcase classname="TestCases.Cart_Page_Test" name="verifyCartTwitterLogoTest" time="2.620"/>
  <system-out>
    <![CDATA[Twitter Log of Cart Page = true]]>
  </system-out>
  <testcase classname="TestCases.Cart_Page_Test" name="verifyCartFacebookLogoTest" time="2.555"/>
  <system-out>
    <![CDATA[Facebook Log of Cart Page = true]]>
  </system-out>
</testsuite> <!-- TestCases.Cart_Page_Test -->
