<?xml version="1.0" encoding="UTF-8"?>
<!-- Generated by org.testng.reporters.JUnitReportReporter -->
<testsuite hostname="LAPTOP-PMUF96FM" failures="0" tests="6" name="TestCases.CompletePage_Test" time="18.928" errors="0" timestamp="2023-12-07T21:02:53 IST" skipped="0">
  <testcase classname="TestCases.CompletePage_Test" name="VerifyCompletePageTitleTest" time="2.980"/>
  <system-out>
    <![CDATA[Title of CompletePage = Checkout: Complete!]]>
  </system-out>
  <testcase classname="TestCases.CompletePage_Test" name="VerifyYourOrderMsgTest" time="3.001"/>
  <system-out>
    <![CDATA[Display Your Order Message of CompletePage = Your order has been dispatched, and will arrive just as fast as the pony can get there!]]>
  </system-out>
  <testcase classname="TestCases.CompletePage_Test" name="VerifyThankYouMsgTest" time="3.327"/>
  <system-out>
    <![CDATA[Display 'Thank you for your order!' Message of CompletePage = Thank you for your order!]]>
  </system-out>
  <testcase classname="TestCases.CompletePage_Test" name="VerifyBackHomeBtnTest" time="3.399"/>
  <system-out>
    <![CDATA[BackHome Button of CompletePage :- https://www.saucedemo.com/inventory.html]]>
  </system-out>
  <testcase classname="TestCases.CompletePage_Test" name="VerifyURLofCompletePage" time="3.163"/>
  <system-out>
    <![CDATA[URL of Complete Page = https://www.saucedemo.com/checkout-complete.html]]>
  </system-out>
  <testcase classname="TestCases.CompletePage_Test" name="VerifyImageLogoTest" time="3.058"/>
  <system-out>
    <![CDATA[Display image of CompletePage = true]]>
  </system-out>
</testsuite> <!-- TestCases.CompletePage_Test -->
