<?xml version="1.0" encoding="UTF-8"?>
<!-- Generated by org.testng.reporters.JUnitReportReporter -->
<testsuite hostname="LAPTOP-PMUF96FM" failures="0" tests="3" name="TestCases.CheckOutPage1_Test" time="7.847" errors="0" timestamp="2023-12-07T21:02:53 IST" skipped="0">
  <testcase classname="TestCases.CheckOutPage1_Test" name="verifyURlOfCheckOutPage1" time="2.592"/>
  <system-out>
    <![CDATA[URL Of CheckOut page1 = https://www.saucedemo.com/checkout-step-one.html]]>
  </system-out>
  <testcase classname="TestCases.CheckOutPage1_Test" name="InputinformationTest" time="2.678"/>
  <system-out>
    <![CDATA[Title of CheckOut page 2 = https://www.saucedemo.com/checkout-step-two.html]]>
  </system-out>
  <testcase classname="TestCases.CheckOutPage1_Test" name="verifyTitleofApplicationTet" time="2.577"/>
  <system-out>
    <![CDATA[Title of checkOut Page = Checkout: Your Information]]>
  </system-out>
</testsuite> <!-- TestCases.CheckOutPage1_Test -->
