<?xml version="1.0" encoding="UTF-8"?>
<!-- Generated by org.testng.reporters.JUnitReportReporter -->
<testsuite hostname="LAPTOP-PMUF96FM" failures="0" tests="7" name="TestCases.CheckOutPage2_Test" time="21.467" errors="0" timestamp="2023-12-07T21:02:53 IST" skipped="0">
  <testcase classname="TestCases.CheckOutPage2_Test" name="verifyTotalTextTest" time="2.720"/>
  <system-out>
    <![CDATA[Text of total price = Total: $0.00]]>
  </system-out>
  <testcase classname="TestCases.CheckOutPage2_Test" name="verifyitemTotalTextTest" time="2.841"/>
  <system-out>
    <![CDATA[Text of checkoutpage2 item Total = Price Total]]>
  </system-out>
  <testcase classname="TestCases.CheckOutPage2_Test" name="verifyShippingInfoTextTest" time="2.718"/>
  <system-out>
    <![CDATA[Text of checkoutpage2 ShippingInfo = Shipping Information]]>
  </system-out>
  <testcase classname="TestCases.CheckOutPage2_Test" name="verifyCancelBtnTest" time="2.798"/>
  <system-out>
    <![CDATA[URL of cancel buttonhttps://www.saucedemo.com/inventory.html]]>
  </system-out>
  <testcase classname="TestCases.CheckOutPage2_Test" name="verifyLableTest" time="4.318"/>
  <system-out>
    <![CDATA[lable of checkoutPage2 = Checkout: Overview]]>
  </system-out>
  <testcase classname="TestCases.CheckOutPage2_Test" name="verifyPaymentInfoTextTest" time="2.861"/>
  <system-out>
    <![CDATA[Text of checkoutpage2 PaymentInfo = Payment Information]]>
  </system-out>
  <testcase classname="TestCases.CheckOutPage2_Test" name="verifyclickOnFinishBtnTest" time="3.211"/>
  <system-out>
    <![CDATA[URL of finish buttonhttps://www.saucedemo.com/checkout-complete.html]]>
  </system-out>
</testsuite> <!-- TestCases.CheckOutPage2_Test -->
