<?xml version="1.0" encoding="UTF-8"?>
<!-- Generated by org.testng.reporters.JUnitReportReporter -->
<testsuite hostname="LAPTOP-PMUF96FM" failures="0" tests="1" name="TestCases.LoginPage_Test" time="5.581" errors="0" timestamp="2023-12-13T13:47:32 IST" skipped="0">
  <testcase classname="TestCases.LoginPage_Test" name="LoginToApplicationTest" time="5.581"/>
  <system-out/>
</testsuite> <!-- TestCases.LoginPage_Test -->
