<?xml version="1.0" encoding="UTF-8"?>
<!-- Generated by org.testng.reporters.JUnitReportReporter -->
<testsuite hostname="LAPTOP-PMUF96FM" failures="0" tests="1" name="TestCases.Inventorypage2Test" time="6.075" errors="0" timestamp="2023-12-12T20:17:07 IST" skipped="0">
  <testcase classname="TestCases.Inventorypage2Test" name="verifyProductLableTest" time="6.075"/>
  <system-out>
    <![CDATA[Lable of Inventory page = Products]]>
  </system-out>
</testsuite> <!-- TestCases.Inventorypage2Test -->
